<?xml version="1.0" encoding="UTF-8"?>
<testng-results skipped="0" failed="0" ignored="0" total="1" passed="1">
  <reporter-output>
  </reporter-output>
  <suite name="Default suite" duration-ms="57138" started-at="2018-10-26T06:32:35Z" finished-at="2018-10-26T06:33:32Z">
    <groups>
    </groups>
    <test name="Default test" duration-ms="57138" started-at="2018-10-26T06:32:35Z" finished-at="2018-10-26T06:33:32Z">
      <class name="Tours1">
        <test-method status="PASS" signature="start()[pri:0, instance:Tours1@394e1a0f]" name="start" duration-ms="57105" started-at="2018-10-26T06:32:35Z" finished-at="2018-10-26T06:33:32Z">
          <reporter-output>
          </reporter-output>
        </test-method> <!-- start -->
      </class> <!-- Tours1 -->
    </test> <!-- Default test -->
  </suite> <!-- Default suite -->
</testng-results>
