<?xml version="1.0" encoding="UTF-8"?>
<testng-results skipped="0" failed="0" ignored="0" total="1" passed="1">
  <reporter-output>
  </reporter-output>
  <suite name="Default suite" duration-ms="21903" started-at="2018-11-13T11:25:20Z" finished-at="2018-11-13T11:25:42Z">
    <groups>
    </groups>
    <test name="Default test" duration-ms="21903" started-at="2018-11-13T11:25:20Z" finished-at="2018-11-13T11:25:42Z">
      <class name="WindowHandle">
        <test-method status="PASS" signature="HandleWindow()[pri:0, instance:WindowHandle@167fdd33]" name="HandleWindow" duration-ms="21860" started-at="2018-11-13T11:25:20Z" finished-at="2018-11-13T11:25:42Z">
          <reporter-output>
          </reporter-output>
        </test-method> <!-- HandleWindow -->
      </class> <!-- WindowHandle -->
    </test> <!-- Default test -->
  </suite> <!-- Default suite -->
</testng-results>
