<?xml version="1.0" encoding="UTF-8"?>
<!-- Generated by org.testng.reporters.JUnitXMLReporter -->
<testsuite hostname="minds" ignored="0" name="Testonie" tests="3" failures="0" timestamp="12 Nov 2018 06:37:50 GMT" time="187.785" errors="0">
  <testcase name="setup" time="2.326" classname="crossbrowser.TestNGMultibrowserDemo"/>
  <testcase name="test1" time="185.29" classname="crossbrowser.TestNGMultibrowserDemo"/>
  <testcase name="teardown" time="0.149" classname="crossbrowser.TestNGMultibrowserDemo"/>
</testsuite> <!-- Testonie -->
