<?xml version="1.0" encoding="UTF-8"?>
<!-- Generated by org.testng.reporters.JUnitXMLReporter -->
<testsuite hostname="minds" ignored="0" name="Testonchrome" tests="3" failures="0" timestamp="12 Nov 2018 06:35:11 GMT" time="28.556" errors="0">
  <testcase name="setup" time="4.792" classname="crossbrowser.TestNGMultibrowserDemo"/>
  <testcase name="test1" time="21.212" classname="crossbrowser.TestNGMultibrowserDemo"/>
  <testcase name="teardown" time="2.498" classname="crossbrowser.TestNGMultibrowserDemo"/>
</testsuite> <!-- Testonchrome -->
