<?xml version="1.0" encoding="UTF-8"?>
<!-- Generated by org.testng.reporters.JUnitXMLReporter -->
<testsuite hostname="minds" ignored="0" name="Testonfirefox" tests="3" failures="0" timestamp="12 Nov 2018 06:35:24 GMT" time="40.969" errors="0">
  <testcase name="setup" time="16.134" classname="crossbrowser.TestNGMultibrowserDemo"/>
  <testcase name="test1" time="23.087" classname="crossbrowser.TestNGMultibrowserDemo"/>
  <testcase name="teardown" time="1.721" classname="crossbrowser.TestNGMultibrowserDemo"/>
</testsuite> <!-- Testonfirefox -->
